\BOOKMARK [1][-]{section*.1}{\376\377\000A\000b\000s\000t\000r\000a\000c\000t}{}% 1
\BOOKMARK [1][-]{section.1}{\376\377\0001\000\040\000I\000n\000t\000r\000o\000d\000u\000c\000t\000i\000o\000n}{}% 2
\BOOKMARK [1][-]{section.2}{\376\377\0002\000\040\000R\000e\000l\000a\000t\000e\000d\000\040\000W\000o\000r\000k}{}% 3
\BOOKMARK [1][-]{section.3}{\376\377\0003\000\040\000P\000r\000e\000l\000i\000m\000i\000n\000a\000r\000i\000e\000s}{}% 4
\BOOKMARK [2][-]{subsection.3.1}{\376\377\0003\000.\0001\000\040\000S\000e\000c\000u\000r\000i\000t\000y\000\040\000M\000o\000d\000e\000l}{section.3}% 5
\BOOKMARK [2][-]{subsection.3.2}{\376\377\0003\000.\0002\000\040\000S\000m\000a\000r\000t\000\040\000C\000o\000n\000t\000r\000a\000c\000t\000s}{section.3}% 6
\BOOKMARK [2][-]{subsection.3.3}{\376\377\0003\000.\0003\000\040\000C\000o\000u\000n\000t\000e\000r\000\040\000C\000o\000l\000l\000u\000s\000i\000o\000n\000\040\000S\000m\000a\000r\000t\000\040\000C\000o\000n\000t\000r\000a\000c\000t\000s}{section.3}% 7
\BOOKMARK [2][-]{subsection.3.4}{\376\377\0003\000.\0004\000\040\000P\000s\000e\000u\000d\000o\000r\000a\000n\000d\000o\000m\000\040\000F\000u\000n\000c\000t\000i\000o\000n\000\040\000a\000n\000d\000\040\000P\000e\000r\000m\000u\000t\000a\000t\000i\000o\000n}{section.3}% 8
\BOOKMARK [2][-]{subsection.3.5}{\376\377\0003\000.\0005\000\040\000C\000o\000m\000m\000i\000t\000m\000e\000n\000t\000\040\000S\000c\000h\000e\000m\000e}{section.3}% 9
\BOOKMARK [2][-]{subsection.3.6}{\376\377\0003\000.\0006\000\040\000H\000a\000s\000h\000\040\000T\000a\000b\000l\000e\000s}{section.3}% 10
\BOOKMARK [2][-]{subsection.3.7}{\376\377\0003\000.\0007\000\040\000M\000e\000r\000k\000l\000e\000\040\000T\000r\000e\000e}{section.3}% 11
\BOOKMARK [2][-]{subsection.3.8}{\376\377\0003\000.\0008\000\040\000P\000o\000l\000y\000n\000o\000m\000i\000a\000l\000\040\000R\000e\000p\000r\000e\000s\000e\000n\000t\000a\000t\000i\000o\000n\000\040\000o\000f\000\040\000S\000e\000t\000s}{section.3}% 12
\BOOKMARK [2][-]{subsection.3.9}{\376\377\0003\000.\0009\000\040\000H\000o\000r\000n\000e\000r\000'\000s\000\040\000M\000e\000t\000h\000o\000d}{section.3}% 13
\BOOKMARK [2][-]{subsection.3.10}{\376\377\0003\000.\0001\0000\000\040\000O\000b\000l\000i\000v\000i\000o\000u\000s\000\040\000L\000i\000n\000e\000a\000r\000\040\000F\000u\000n\000c\000t\000i\000o\000n\000\040\000E\000v\000a\000l\000u\000a\000t\000i\000o\000n}{section.3}% 14
\BOOKMARK [2][-]{subsection.3.11}{\376\377\0003\000.\0001\0001\000\040\000C\000o\000i\000n\000-\000T\000o\000s\000s\000i\000n\000g\000\040\000P\000r\000o\000t\000o\000c\000o\000l}{section.3}% 15
\BOOKMARK [1][-]{section.4}{\376\377\0004\000\040\000D\000e\000f\000i\000n\000i\000t\000i\000o\000n\000\040\000o\000f\000\040\000M\000u\000l\000t\000i\000-\000p\000a\000r\000t\000y\000\040\000P\000S\000I\000\040\000w\000i\000t\000h\000\040\000F\000a\000i\000r\000\040\000C\000o\000m\000p\000e\000n\000s\000a\000t\000i\000o\000n}{}% 16
\BOOKMARK [1][-]{section.5}{\376\377\0005\000\040\000O\000t\000h\000e\000r\000\040\000S\000u\000b\000r\000o\000u\000t\000i\000n\000e\000s\000\040\000U\000s\000e\000d\000\040\000i\000n\000\040\000J\000u\000s\000t\000i\000t\000i\000a}{}% 17
\BOOKMARK [2][-]{subsection.5.1}{\376\377\0005\000.\0001\000\040\000V\000e\000r\000i\000f\000i\000a\000b\000l\000e\000\040\000O\000b\000l\000i\000v\000i\000o\000u\000s\000\040\000P\000o\000l\000y\000n\000o\000m\000i\000a\000l\000\040\000R\000a\000n\000d\000o\000m\000i\000s\000a\000t\000i\000o\000n\000\040\000\050\000V\000O\000P\000R\000\051}{section.5}% 18
\BOOKMARK [2][-]{subsection.5.2}{\376\377\0005\000.\0002\000\040\000Z\000e\000r\000o\000-\000s\000u\000m\000\040\000P\000s\000e\000u\000d\000o\000r\000a\000n\000d\000o\000m\000\040\000V\000a\000l\000u\000e\000s\000\040\000A\000g\000r\000e\000e\000m\000e\000n\000t\000\040\000P\000r\000o\000t\000o\000c\000o\000l\000\040\000\050\000Z\000S\000P\000A\000\051}{section.5}% 19
\BOOKMARK [2][-]{subsection.5.3}{\376\377\0005\000.\0003\000\040\000Z\000S\000P\000A\000'\000s\000\040\000E\000x\000t\000e\000n\000s\000i\000o\000n\000:\000\040\000Z\000S\000P\000A\000\040\000w\000i\000t\000h\000\040\000a\000n\000\040\000E\000x\000t\000e\000r\000n\000a\000l\000\040\000A\000u\000d\000i\000t\000o\000r\000\040\000\050\000Z\000S\000P\000A\000-\000A\000\051}{section.5}% 20
\BOOKMARK [2][-]{subsection.5.4}{\376\377\0005\000.\0004\000\040\000U\000n\000f\000o\000r\000g\000e\000a\000b\000l\000e\000\040\000P\000o\000l\000y\000n\000o\000m\000i\000a\000l\000s}{section.5}% 21
\BOOKMARK [1][-]{section.6}{\376\377\0006\000\040\000C\000o\000n\000c\000r\000e\000t\000e\000\040\000C\000o\000n\000s\000t\000r\000u\000c\000t\000i\000o\000n\000\040\000o\000f\000\040\000P\000S\000I\000F\000C}{}% 22
\BOOKMARK [2][-]{subsection.6.1}{\376\377\0006\000.\0001\000\040\000A\000n\000\040\000O\000v\000e\000r\000v\000i\000e\000w\000\040\000o\000f\000\040\000J\000u\000s\000t\000i\000t\000i\000a\000\040\000\050\000J\000U\000S\000\051}{section.6}% 23
\BOOKMARK [2][-]{subsection.6.2}{\376\377\0006\000.\0002\000\040\000D\000e\000t\000a\000i\000l\000e\000d\000\040\000D\000e\000s\000c\000r\000i\000p\000t\000i\000o\000n\000\040\000o\000f\000\040\000J\000U\000S\000.}{section.6}% 24
\BOOKMARK [1][-]{section.7}{\376\377\0007\000\040\000D\000e\000f\000i\000n\000i\000t\000i\000o\000n\000\040\000o\000f\000\040\000M\000u\000l\000t\000i\000-\000p\000a\000r\000t\000y\000\040\000P\000S\000I\000\040\000w\000i\000t\000h\000\040\000F\000a\000i\000r\000\040\000C\000o\000m\000p\000e\000n\000s\000a\000t\000i\000o\000n\000\040\000a\000n\000d\000\040\000R\000e\000w\000a\000r\000d}{}% 25
\BOOKMARK [1][-]{section.8}{\376\377\0008\000\040\000C\000o\000n\000c\000r\000e\000t\000e\000\040\000C\000o\000n\000s\000t\000r\000u\000c\000t\000i\000o\000n\000\040\000o\000f\000\040\000P\000S\000I\000F\000C\000R}{}% 26
\BOOKMARK [2][-]{subsection.8.1}{\376\377\0008\000.\0001\000\040\000D\000e\000s\000c\000r\000i\000p\000t\000i\000o\000n\000\040\000o\000f\000\040\000A\000n\000e\000s\000i\000d\000o\000r\000a\000\040\000\050\000A\000N\000E\000\051}{section.8}% 27
\BOOKMARK [2][-]{subsection.8.2}{\376\377\0008\000.\0002\000\040\000D\000e\000t\000a\000i\000l\000e\000d\000\040\000D\000e\000s\000c\000r\000i\000p\000t\000i\000o\000n\000\040\000o\000f\000\040\000A\000N\000E}{section.8}% 28
\BOOKMARK [1][-]{section.9}{\376\377\0009\000\040\000E\000v\000a\000l\000u\000a\000t\000i\000o\000n}{}% 29
\BOOKMARK [2][-]{subsection.9.1}{\376\377\0009\000.\0001\000\040\000C\000o\000m\000p\000u\000t\000a\000t\000i\000o\000n\000\040\000C\000o\000s\000t}{section.9}% 30
\BOOKMARK [2][-]{subsection.9.2}{\376\377\0009\000.\0002\000\040\000C\000o\000m\000m\000u\000n\000i\000c\000a\000t\000i\000o\000n\000\040\000C\000o\000s\000t}{section.9}% 31
\BOOKMARK [2][-]{subsection.9.3}{\376\377\0009\000.\0003\000\040\000C\000o\000m\000p\000a\000r\000i\000s\000o\000n}{section.9}% 32
\BOOKMARK [1][-]{section.10}{\376\377\0001\0000\000\040\000C\000o\000n\000c\000l\000u\000s\000i\000o\000n\000\040\000a\000n\000d\000\040\000F\000u\000t\000u\000r\000e\000\040\000D\000i\000r\000e\000c\000t\000i\000o\000n}{}% 33
\BOOKMARK [1][-]{section*.10}{\376\377\000R\000e\000f\000e\000r\000e\000n\000c\000e\000s}{}% 34
\BOOKMARK [1][-]{appendix.A}{\376\377\000A\000\040\000N\000o\000t\000a\000t\000i\000o\000n\000\040\000T\000a\000b\000l\000e}{}% 35
\BOOKMARK [1][-]{appendix.B}{\376\377\000B\000\040\000C\000o\000u\000n\000t\000e\000r\000\040\000C\000o\000l\000l\000u\000s\000i\000o\000n\000\040\000C\000o\000n\000t\000r\000a\000c\000t\000s}{}% 36
\BOOKMARK [2][-]{subsection.B.1}{\376\377\000B\000.\0001\000\040\000P\000r\000i\000s\000o\000n\000e\000r\000'\000s\000\040\000C\000o\000n\000t\000r\000a\000c\000t\000\040\000\050\000S\000C\000.\0005\0002\000P\000C\000\051}{appendix.B}% 37
\BOOKMARK [2][-]{subsection.B.2}{\376\377\000B\000.\0002\000\040\000C\000o\000l\000l\000u\000d\000e\000r\000'\000s\000\040\000C\000o\000n\000t\000r\000a\000c\000t\000\040\000\050\000S\000C\000.\0005\0002\000C\000C\000\051}{appendix.B}% 38
\BOOKMARK [2][-]{subsection.B.3}{\376\377\000B\000.\0003\000\040\000T\000r\000a\000i\000t\000o\000r\000'\000s\000\040\000C\000o\000n\000t\000r\000a\000c\000t\000\040\000\050\000S\000C\000.\0005\0002\000T\000C\000\051}{appendix.B}% 39
\BOOKMARK [1][-]{appendix.C}{\376\377\000C\000\040\000C\000o\000m\000m\000i\000t\000m\000e\000n\000t\000\040\000S\000c\000h\000e\000m\000e}{}% 40
\BOOKMARK [1][-]{appendix.D}{\376\377\000D\000\040\000H\000a\000s\000h\000\040\000T\000a\000b\000l\000e\000s}{}% 41
\BOOKMARK [1][-]{appendix.E}{\376\377\000E\000\040\000M\000e\000r\000k\000l\000e\000\040\000T\000r\000e\000e}{}% 42
\BOOKMARK [1][-]{appendix.F}{\376\377\000F\000\040\000E\000n\000h\000a\000n\000c\000e\000d\000\040\000O\000L\000E\000'\000s\000\040\000P\000r\000o\000t\000o\000c\000o\000l}{}% 43
\BOOKMARK [1][-]{appendix.G}{\376\377\000G\000\040\000C\000o\000i\000n\000-\000T\000o\000s\000s\000i\000n\000g\000\040\000P\000r\000o\000t\000o\000c\000o\000l}{}% 44
\BOOKMARK [1][-]{appendix.H}{\376\377\000H\000\040\000F\000o\000r\000m\000a\000l\000\040\000D\000e\000f\000i\000n\000i\000t\000i\000o\000n\000s\000\040\000o\000f\000\040\000P\000r\000e\000d\000i\000c\000a\000t\000e\000s\000\040\000o\000f\000\040\000P\000S\000I\000F\000C}{}% 45
\BOOKMARK [1][-]{appendix.I}{\376\377\000I\000\040\000P\000r\000o\000o\000f\000\040\000o\000f\000\040\000V\000O\000P\000R}{}% 46
\BOOKMARK [1][-]{appendix.J}{\376\377\000J\000\040\000P\000r\000o\000o\000f\000\040\000o\000f\000\040\000Z\000S\000P\000A}{}% 47
\BOOKMARK [1][-]{appendix.K}{\376\377\000K\000\040\000P\000r\000o\000o\000f\000\040\000o\000f\000\040\000Z\000S\000P\000A\000-\000A}{}% 48
\BOOKMARK [1][-]{appendix.L}{\376\377\000L\000\040\000P\000r\000o\000o\000f\000\040\000o\000f\000\040\000U\000n\000f\000o\000r\000g\000e\000a\000b\000l\000e\000\040\000P\000o\000l\000y\000n\000o\000m\000i\000a\000l\000s}{}% 49
\BOOKMARK [1][-]{appendix.M}{\376\377\000M\000\040\000J\000u\000s\000t\000i\000t\000i\000a\000'\000s\000\040\000W\000o\000r\000k\000f\000l\000o\000w}{}% 50
\BOOKMARK [1][-]{appendix.N}{\376\377\000N\000\040\000F\000u\000r\000t\000h\000e\000r\000\040\000D\000i\000s\000c\000u\000s\000s\000i\000o\000n\000\040\000o\000n\000\040\000J\000u\000s\000t\000i\000t\000i\000a}{}% 51
\BOOKMARK [2][-]{subsection.N.1}{\376\377\000N\000.\0001\000\040\000S\000t\000r\000a\000w\000m\000a\000n\000\040\000A\000p\000p\000r\000o\000a\000c\000h\000e\000s}{appendix.N}% 52
\BOOKMARK [2][-]{subsection.N.2}{\376\377\000N\000.\0002\000\040\000E\000r\000r\000o\000r\000\040\000P\000r\000o\000b\000a\000b\000i\000l\000i\000t\000y}{appendix.N}% 53
\BOOKMARK [2][-]{subsection.N.3}{\376\377\000N\000.\0003\000\040\000M\000a\000i\000n\000\040\000C\000h\000a\000l\000l\000e\000n\000g\000e\000s\000\040\000t\000h\000a\000t\000\040\000J\000u\000s\000t\000i\000t\000i\000a\000\040\000O\000v\000e\000r\000c\000o\000m\000e\000s}{appendix.N}% 54
\BOOKMARK [1][-]{appendix.O}{\376\377\000O\000\040\000P\000r\000o\000o\000f\000\040\000o\000f\000\040\000J\000U\000S}{}% 55
\BOOKMARK [1][-]{appendix.P}{\376\377\000P\000\040\000F\000o\000r\000m\000a\000l\000\040\000D\000e\000f\000i\000n\000i\000t\000i\000o\000n\000s\000\040\000o\000f\000\040\000P\000r\000e\000d\000i\000c\000a\000t\000e\000s\000\040\000o\000f\000\040\000P\000S\000I\000F\000C\000R}{}% 56
\BOOKMARK [1][-]{appendix.Q}{\376\377\000Q\000\040\000A\000n\000e\000s\000i\000d\000o\000r\000a\000'\000s\000\040\000W\000o\000r\000k\000f\000l\000o\000w}{}% 57
\BOOKMARK [1][-]{appendix.R}{\376\377\000R\000\040\000M\000a\000i\000n\000\040\000C\000h\000a\000l\000l\000e\000n\000g\000e\000s\000\040\000t\000h\000a\000t\000\040\000A\000n\000e\000s\000i\000d\000o\000r\000a\000\040\000O\000v\000e\000r\000c\000o\000m\000e\000s}{}% 58
\BOOKMARK [2][-]{subsection.R.1}{\376\377\000R\000.\0001\000\040\000R\000e\000w\000a\000r\000d\000i\000n\000g\000\040\000C\000l\000i\000e\000n\000t\000s\000\040\000P\000r\000o\000p\000o\000r\000t\000i\000o\000n\000a\000t\000e\000\040\000t\000o\000\040\000t\000h\000e\000\040\000I\000n\000t\000e\000r\000s\000e\000c\000t\000i\000o\000n\000\040\000S\000i\000z\000e\000.}{appendix.R}% 59
\BOOKMARK [2][-]{subsection.R.2}{\376\377\000R\000.\0002\000\040\000D\000e\000a\000l\000i\000n\000g\000\040\000w\000i\000t\000h\000\040\000E\000x\000t\000r\000a\000c\000t\000o\000r\000s\000'\000\040\000C\000o\000l\000l\000u\000s\000i\000o\000n\000.}{appendix.R}% 60
\BOOKMARK [1][-]{appendix.S}{\376\377\000S\000\040\000P\000r\000o\000o\000f\000\040\000o\000f\000\040\000A\000N\000E}{}% 61
\BOOKMARK [1][-]{appendix.T}{\376\377\000T\000\040\000F\000u\000r\000t\000h\000e\000r\000\040\000D\000i\000s\000c\000u\000s\000s\000i\000o\000n\000\040\000o\000n\000\040\000A\000n\000e\000s\000i\000d\000o\000r\000a}{}% 62
\BOOKMARK [2][-]{subsection.T.1}{\376\377\000T\000.\0001\000\040\000S\000t\000r\000a\000w\000m\000a\000n\000\040\000A\000p\000p\000r\000o\000a\000c\000h}{appendix.T}% 63
\BOOKMARK [2][-]{subsection.T.2}{\376\377\000T\000.\0002\000\040\000E\000n\000c\000r\000y\000p\000t\000i\000n\000g\000\040\000S\000e\000t\000\040\000E\000l\000e\000m\000e\000n\000t\000s}{appendix.T}% 64
\BOOKMARK [2][-]{subsection.T.3}{\376\377\000T\000.\0003\000\040\000T\000h\000e\000\040\000U\000s\000e\000\040\000o\000f\000\040\000t\000h\000e\000\040\000H\000a\000s\000h\000-\000b\000a\000s\000e\000d\000\040\000P\000a\000d\000d\000i\000n\000g}{appendix.T}% 65
\BOOKMARK [2][-]{subsection.T.4}{\376\377\000T\000.\0004\000\040\000E\000x\000t\000r\000a\000c\000t\000i\000n\000g\000\040\000t\000h\000e\000\040\000E\000l\000e\000m\000e\000n\000t\000s\000\040\000i\000n\000\040\000t\000h\000e\000\040\000I\000n\000t\000e\000r\000s\000e\000c\000t\000i\000o\000n}{appendix.T}% 66
\BOOKMARK [2][-]{subsection.T.5}{\376\377\000T\000.\0005\000\040\000T\000h\000e\000\040\000U\000s\000e\000\040\000o\000f\000\040\000D\000o\000u\000b\000l\000e\000-\000l\000a\000y\000e\000r\000e\000d\000\040\000C\000o\000m\000m\000i\000t\000m\000e\000n\000t\000s}{appendix.T}% 67
\BOOKMARK [2][-]{subsection.T.6}{\376\377\000T\000.\0006\000\040\000I\000n\000s\000e\000r\000t\000i\000n\000g\000\040\000G\000a\000r\000b\000a\000g\000e\000\040\000I\000n\000p\000u\000t\000s}{appendix.T}% 68
\BOOKMARK [2][-]{subsection.T.7}{\376\377\000T\000.\0007\000\040\000U\000s\000i\000n\000g\000\040\000G\000e\000n\000e\000r\000i\000c\000\040\000R\000e\000w\000a\000r\000d\000\040\000F\000u\000n\000c\000t\000i\000o\000n}{appendix.T}% 69
\BOOKMARK [1][-]{appendix.U}{\376\377\000U\000\040\000P\000r\000o\000o\000f\000\040\000o\000f\000\040\000T\000h\000e\000o\000r\000e\000m\000\040\000I\000.\0002}{}% 70
